<?xml version="1.0" encoding="UTF-8"?>
<!-- Generated by org.testng.reporters.JUnitReportReporter -->
<testsuite skipped="0" hostname="ALIPL0617" name="com.selenium.Demo2" tests="1" failures="0" timestamp="15 Feb 2019 07:29:30 GMT" time="0.030" errors="0">
  <testcase name="verifyHomePageTitle" time="0.030" classname="com.selenium.Demo2"/>
</testsuite> <!-- com.selenium.Demo2 -->
