<?xml version="1.0" encoding="UTF-8"?>
<!-- Generated by org.testng.reporters.JUnitReportReporter -->
<testsuite skipped="0" hostname="ALIPL0617" name="sony1.Execution1" tests="1" failures="0" timestamp="15 Feb 2019 10:31:04 GMT" time="33.319" errors="0">
  <testcase name="execution" time="33.319" classname="sony1.Execution1"/>
</testsuite> <!-- sony1.Execution1 -->
