<?xml version="1.0" encoding="UTF-8"?>
<!-- Generated by org.testng.reporters.JUnitReportReporter -->
<testsuite skipped="0" hostname="ALIPL0617" name="sony1.app2Test" tests="1" failures="0" timestamp="26 Dec 2018 05:16:48 GMT" time="28.523" errors="0">
  <testcase name="f" time="28.523" classname="sony1.app2Test"/>
</testsuite> <!-- sony1.app2Test -->
