<?xml version="1.0" encoding="UTF-8"?>
<!-- Generated by org.testng.reporters.JUnitReportReporter -->
<testsuite skipped="0" hostname="ALIPL0617" name="gmailLogin.verifyGmailLogin" tests="1" failures="0" timestamp="04 Feb 2019 06:17:34 GMT" time="30.466" errors="0">
  <testcase name="verifyValidLogin" time="30.466" classname="gmailLogin.verifyGmailLogin"/>
</testsuite> <!-- gmailLogin.verifyGmailLogin -->
