<?xml version="1.0" encoding="UTF-8"?>
<!-- Generated by org.testng.reporters.JUnitReportReporter -->
<testsuite skipped="0" hostname="ALIPL0617" name="sony1.Execution2" tests="1" failures="0" timestamp="15 Feb 2019 10:54:30 GMT" time="10.785" errors="0">
  <testcase name="testGuru99TakeScreenShot" time="10.785" classname="sony1.Execution2"/>
</testsuite> <!-- sony1.Execution2 -->
